Performing C++ SOURCE FILE Test CMAKE_HAVE_LIBC_PTHREAD failed with the following output:
Change Dir: D:/tool/QtWorkplace/puzzle2/build-puzzlegame-Desktop_Qt_6_4_3_MSVC2019_64bit-Debug/CMakeFiles/CMakeTmp

Run Build Command(s):D:/Visual studio/Common7/IDE/CommonExtensions/Microsoft/CMake/Ninja/ninja.exe cmTC_ddcad && [1/2] Building CXX object CMakeFiles\cmTC_ddcad.dir\src.cxx.obj
FAILED: CMakeFiles/cmTC_ddcad.dir/src.cxx.obj 
"D:\Visual studio\VC\Tools\MSVC\14.37.32822\bin\HostX64\x64\cl.exe"  /nologo /TP -DCMAKE_HAVE_LIBC_PTHREAD  -DQT_QML_DEBUG /DWIN32 /D_WINDOWS /W3 /GR /EHsc  /MDd /Zi /Ob0 /Od /RTC1 -std:c++17 /showIncludes /FoCMakeFiles\cmTC_ddcad.dir\src.cxx.obj /FdCMakeFiles\cmTC_ddcad.dir\ /FS -c D:\tool\QtWorkplace\puzzle2\build-puzzlegame-Desktop_Qt_6_4_3_MSVC2019_64bit-Debug\CMakeFiles\CMakeTmp\src.cxx
D:\tool\QtWorkplace\puzzle2\build-puzzlegame-Desktop_Qt_6_4_3_MSVC2019_64bit-Debug\CMakeFiles\CMakeTmp\src.cxx(1): fatal error C1083: 无法打开包括文件: “pthread.h”: No such file or directory
ninja: build stopped: subcommand failed.


Source file was:
#include <pthread.h>

static void* test_func(void* data)
{
  return data;
}

int main(void)
{
  pthread_t thread;
  pthread_create(&thread, NULL, test_func, NULL);
  pthread_detach(thread);
  pthread_cancel(thread);
  pthread_join(thread, NULL);
  pthread_atfork(NULL, NULL, NULL);
  pthread_exit(NULL);

  return 0;
}

Determining if the function pthread_create exists in the pthreads failed with the following output:
Change Dir: D:/tool/QtWorkplace/puzzle2/build-puzzlegame-Desktop_Qt_6_4_3_MSVC2019_64bit-Debug/CMakeFiles/CMakeTmp

Run Build Command(s):D:/Visual studio/Common7/IDE/CommonExtensions/Microsoft/CMake/Ninja/ninja.exe cmTC_3ad2c && [1/2] Building CXX object CMakeFiles\cmTC_3ad2c.dir\CheckFunctionExists.cxx.obj
[2/2] Linking CXX executable cmTC_3ad2c.exe
FAILED: cmTC_3ad2c.exe 
cmd.exe /C "cd . && D:\tool\Qt\Tools\CMake_64\bin\cmake.exe -E vs_link_exe --intdir=CMakeFiles\cmTC_3ad2c.dir --rc="D:\Windows Kits\10\bin\10.0.22621.0\x64\rc.exe" --mt="D:\Windows Kits\10\bin\10.0.22621.0\x64\mt.exe" --manifests  -- "D:\Visual studio\VC\Tools\MSVC\14.37.32822\bin\Hostx64\x64\link.exe" /nologo CMakeFiles\cmTC_3ad2c.dir\CheckFunctionExists.cxx.obj  /out:cmTC_3ad2c.exe /implib:cmTC_3ad2c.lib /pdb:cmTC_3ad2c.pdb /version:0.0 /machine:x64  /debug /INCREMENTAL /subsystem:console  pthreads.lib  kernel32.lib user32.lib gdi32.lib winspool.lib shell32.lib ole32.lib oleaut32.lib uuid.lib comdlg32.lib advapi32.lib && cd ."
LINK Pass 1: command "D:\Visual studio\VC\Tools\MSVC\14.37.32822\bin\Hostx64\x64\link.exe /nologo CMakeFiles\cmTC_3ad2c.dir\CheckFunctionExists.cxx.obj /out:cmTC_3ad2c.exe /implib:cmTC_3ad2c.lib /pdb:cmTC_3ad2c.pdb /version:0.0 /machine:x64 /debug /INCREMENTAL /subsystem:console pthreads.lib kernel32.lib user32.lib gdi32.lib winspool.lib shell32.lib ole32.lib oleaut32.lib uuid.lib comdlg32.lib advapi32.lib /MANIFEST /MANIFESTFILE:CMakeFiles\cmTC_3ad2c.dir/intermediate.manifest CMakeFiles\cmTC_3ad2c.dir/manifest.res" failed (exit code 1104) with the following output:
LINK : fatal error LNK1104: 无法打开文件“pthreads.lib”
ninja: build stopped: subcommand failed.



Determining if the function pthread_create exists in the pthread failed with the following output:
Change Dir: D:/tool/QtWorkplace/puzzle2/build-puzzlegame-Desktop_Qt_6_4_3_MSVC2019_64bit-Debug/CMakeFiles/CMakeTmp

Run Build Command(s):D:/Visual studio/Common7/IDE/CommonExtensions/Microsoft/CMake/Ninja/ninja.exe cmTC_42bbe && [1/2] Building CXX object CMakeFiles\cmTC_42bbe.dir\CheckFunctionExists.cxx.obj
[2/2] Linking CXX executable cmTC_42bbe.exe
FAILED: cmTC_42bbe.exe 
cmd.exe /C "cd . && D:\tool\Qt\Tools\CMake_64\bin\cmake.exe -E vs_link_exe --intdir=CMakeFiles\cmTC_42bbe.dir --rc="D:\Windows Kits\10\bin\10.0.22621.0\x64\rc.exe" --mt="D:\Windows Kits\10\bin\10.0.22621.0\x64\mt.exe" --manifests  -- "D:\Visual studio\VC\Tools\MSVC\14.37.32822\bin\Hostx64\x64\link.exe" /nologo CMakeFiles\cmTC_42bbe.dir\CheckFunctionExists.cxx.obj  /out:cmTC_42bbe.exe /implib:cmTC_42bbe.lib /pdb:cmTC_42bbe.pdb /version:0.0 /machine:x64  /debug /INCREMENTAL /subsystem:console  pthread.lib  kernel32.lib user32.lib gdi32.lib winspool.lib shell32.lib ole32.lib oleaut32.lib uuid.lib comdlg32.lib advapi32.lib && cd ."
LINK Pass 1: command "D:\Visual studio\VC\Tools\MSVC\14.37.32822\bin\Hostx64\x64\link.exe /nologo CMakeFiles\cmTC_42bbe.dir\CheckFunctionExists.cxx.obj /out:cmTC_42bbe.exe /implib:cmTC_42bbe.lib /pdb:cmTC_42bbe.pdb /version:0.0 /machine:x64 /debug /INCREMENTAL /subsystem:console pthread.lib kernel32.lib user32.lib gdi32.lib winspool.lib shell32.lib ole32.lib oleaut32.lib uuid.lib comdlg32.lib advapi32.lib /MANIFEST /MANIFESTFILE:CMakeFiles\cmTC_42bbe.dir/intermediate.manifest CMakeFiles\cmTC_42bbe.dir/manifest.res" failed (exit code 1104) with the following output:
LINK : fatal error LNK1104: 无法打开文件“pthread.lib”
ninja: build stopped: subcommand failed.



