The system is: Windows - 10.0.22635 - AMD64
Compiling the CXX compiler identification source file "CMakeCXXCompilerId.cpp" succeeded.
Compiler: D:/Visual studio/VC/Tools/MSVC/14.37.32822/bin/HostX64/x64/cl.exe 
Build flags: -DQT_QML_DEBUG
Id flags:  

The output was:
0
用于 x64 的 Microsoft (R) C/C++ 优化编译器 19.37.32824 版
版权所有(C) Microsoft Corporation。保留所有权利。

CMakeCXXCompilerId.cpp
Microsoft (R) Incremental Linker Version 14.37.32824.0
Copyright (C) Microsoft Corporation.  All rights reserved.

/out:CMakeCXXCompilerId.exe 
CMakeCXXCompilerId.obj 


Compilation of the CXX compiler identification source "CMakeCXXCompilerId.cpp" produced "CMakeCXXCompilerId.exe"

Compilation of the CXX compiler identification source "CMakeCXXCompilerId.cpp" produced "CMakeCXXCompilerId.obj"

The CXX compiler identification is MSVC, found in "D:/tool/QtWorkplace/puzzle2/build-puzzlegame-Desktop_Qt_6_4_3_MSVC2019_64bit-Debug/CMakeFiles/3.24.2/CompilerIdCXX/CMakeCXXCompilerId.exe"

Detecting CXX compiler ABI info compiled with the following output:
Change Dir: D:/tool/QtWorkplace/puzzle2/build-puzzlegame-Desktop_Qt_6_4_3_MSVC2019_64bit-Debug/CMakeFiles/CMakeTmp

Run Build Command(s):D:/Visual studio/Common7/IDE/CommonExtensions/Microsoft/CMake/Ninja/ninja.exe cmTC_99d79 && [1/2] Building CXX object CMakeFiles\cmTC_99d79.dir\CMakeCXXCompilerABI.cpp.obj
注意: 包含文件:  D:\tool\Qt\Tools\CMake_64\share\cmake-3.24\Modules\CMakeCompilerABI.h
[2/2] Linking CXX executable cmTC_99d79.exe



Performing C++ SOURCE FILE Test HAVE_STDATOMIC succeeded with the following output:
Change Dir: D:/tool/QtWorkplace/puzzle2/build-puzzlegame-Desktop_Qt_6_4_3_MSVC2019_64bit-Debug/CMakeFiles/CMakeTmp

Run Build Command(s):D:/Visual studio/Common7/IDE/CommonExtensions/Microsoft/CMake/Ninja/ninja.exe cmTC_82c93 && [1/2] Building CXX object CMakeFiles\cmTC_82c93.dir\src.cxx.obj
注意: 包含文件:  D:\Visual studio\VC\Tools\MSVC\14.37.32822\include\atomic
注意: 包含文件:   D:\Visual studio\VC\Tools\MSVC\14.37.32822\include\yvals.h
注意: 包含文件:    D:\Visual studio\VC\Tools\MSVC\14.37.32822\include\yvals_core.h
注意: 包含文件:     D:\Visual studio\VC\Tools\MSVC\14.37.32822\include\vcruntime.h
注意: 包含文件:      D:\Visual studio\VC\Tools\MSVC\14.37.32822\include\sal.h
注意: 包含文件:       D:\Visual studio\VC\Tools\MSVC\14.37.32822\include\concurrencysal.h
注意: 包含文件:      D:\Visual studio\VC\Tools\MSVC\14.37.32822\include\vadefs.h
注意: 包含文件:     D:\Visual studio\VC\Tools\MSVC\14.37.32822\include\xkeycheck.h
注意: 包含文件:    D:\Windows Kits\10\include\10.0.22621.0\ucrt\crtdbg.h
注意: 包含文件:     D:\Windows Kits\10\include\10.0.22621.0\ucrt\corecrt.h
注意: 包含文件:     D:\Visual studio\VC\Tools\MSVC\14.37.32822\include\vcruntime_new_debug.h
注意: 包含文件:      D:\Visual studio\VC\Tools\MSVC\14.37.32822\include\vcruntime_new.h
注意: 包含文件:    D:\Visual studio\VC\Tools\MSVC\14.37.32822\include\crtdefs.h
注意: 包含文件:    D:\Visual studio\VC\Tools\MSVC\14.37.32822\include\use_ansi.h
注意: 包含文件:   D:\Visual studio\VC\Tools\MSVC\14.37.32822\include\cstddef
注意: 包含文件:    D:\Windows Kits\10\include\10.0.22621.0\ucrt\stddef.h
注意: 包含文件:    D:\Visual studio\VC\Tools\MSVC\14.37.32822\include\xtr1common
注意: 包含文件:   D:\Visual studio\VC\Tools\MSVC\14.37.32822\include\cstdint
注意: 包含文件:    D:\Visual studio\VC\Tools\MSVC\14.37.32822\include\stdint.h
注意: 包含文件:   D:\Visual studio\VC\Tools\MSVC\14.37.32822\include\cstring
注意: 包含文件:    D:\Windows Kits\10\include\10.0.22621.0\ucrt\string.h
注意: 包含文件:     D:\Windows Kits\10\include\10.0.22621.0\ucrt\corecrt_memory.h
注意: 包含文件:      D:\Windows Kits\10\include\10.0.22621.0\ucrt\corecrt_memcpy_s.h
注意: 包含文件:       D:\Windows Kits\10\include\10.0.22621.0\ucrt\errno.h
注意: 包含文件:       D:\Visual studio\VC\Tools\MSVC\14.37.32822\include\vcruntime_string.h
注意: 包含文件:     D:\Windows Kits\10\include\10.0.22621.0\ucrt\corecrt_wstring.h
注意: 包含文件:   D:\Visual studio\VC\Tools\MSVC\14.37.32822\include\xatomic.h
注意: 包含文件:    D:\Visual studio\VC\Tools\MSVC\14.37.32822\include\type_traits
注意: 包含文件:    D:\Visual studio\VC\Tools\MSVC\14.37.32822\include\intrin0.h
注意: 包含文件:     D:\Visual studio\VC\Tools\MSVC\14.37.32822\include\intrin0.inl.h
注意: 包含文件:   D:\Visual studio\VC\Tools\MSVC\14.37.32822\include\xthreads.h
注意: 包含文件:    D:\Visual studio\VC\Tools\MSVC\14.37.32822\include\climits
注意: 包含文件:     D:\Visual studio\VC\Tools\MSVC\14.37.32822\include\limits.h
注意: 包含文件:    D:\Visual studio\VC\Tools\MSVC\14.37.32822\include\xtimec.h
注意: 包含文件:     D:\Visual studio\VC\Tools\MSVC\14.37.32822\include\ctime
注意: 包含文件:      D:\Windows Kits\10\include\10.0.22621.0\ucrt\time.h
注意: 包含文件:       D:\Windows Kits\10\include\10.0.22621.0\ucrt\corecrt_wtime.h
[2/2] Linking CXX executable cmTC_82c93.exe


Source file was:
#include <atomic>
#include <cstdint>

int main(int, char **)
{
    volatile std::atomic<char>    size_1;
    volatile std::atomic<short>   size_2;
    volatile std::atomic<int>     size_4;
    volatile std::atomic<int64_t> size_8;

    ++size_1;
    ++size_2;
    ++size_4;
    ++size_8;

    (void)size_1.load(std::memory_order_relaxed);
    (void)size_2.load(std::memory_order_relaxed);
    (void)size_4.load(std::memory_order_relaxed);
    (void)size_8.load(std::memory_order_relaxed);

    return 0;
}
